<?xml version="1.0" encoding="UTF-8"?>
<robot generator="Robot 6.1.1 (Python 3.12.0 on win32)" generated="20231205 16:49:54.483" rpa="false" schemaversion="4">
<suite id="s1" name="Test" source="C:\Users\NTHERE\PycharmProjects\robotframeworkDemo\Automation\test.robot">
<test id="s1-t1" name="Google" line="11">
<kw name="Open Browser" library="SeleniumLibrary">
<arg>https://www.google.com/ edge executable_path=C:\Program Files\Python312\Scripts\msedgedriver.exe</arg>
<doc>Opens a new browser instance to the optional ``url``.</doc>
<msg timestamp="20231205 16:49:54.754" level="INFO">Opening browser 'firefox' to base url 'https://www.google.com/ edge executable_path=C:Program FilesPython312Scriptsmsedgedriver.exe'.</msg>
<status status="PASS" starttime="20231205 16:49:54.754" endtime="20231205 16:50:02.180"/>
</kw>
<kw name="Maximize Browser Window" library="SeleniumLibrary">
<doc>Maximizes current browser window.</doc>
<status status="PASS" starttime="20231205 16:50:02.181" endtime="20231205 16:50:02.185"/>
</kw>
<kw name="Sleep" library="BuiltIn">
<arg>10</arg>
<doc>Pauses the test executed for the given time.</doc>
<msg timestamp="20231205 16:50:12.186" level="INFO">Slept 10 seconds</msg>
<status status="PASS" starttime="20231205 16:50:02.186" endtime="20231205 16:50:12.186"/>
</kw>
<kw name="Close Browser" library="SeleniumLibrary">
<doc>Closes the current browser.</doc>
<status status="PASS" starttime="20231205 16:50:12.186" endtime="20231205 16:50:14.174"/>
</kw>
<status status="PASS" starttime="20231205 16:49:54.753" endtime="20231205 16:50:14.175"/>
</test>
<status status="PASS" starttime="20231205 16:49:54.486" endtime="20231205 16:50:14.178"/>
</suite>
<statistics>
<total>
<stat pass="1" fail="0" skip="0">All Tests</stat>
</total>
<tag>
</tag>
<suite>
<stat pass="1" fail="0" skip="0" id="s1" name="Test">Test</stat>
</suite>
</statistics>
<errors>
</errors>
</robot>
